<?xml version="1.0" encoding="UTF-8"?>
<!-- Generated by org.testng.reporters.JUnitReportReporter -->
<testsuite hostname="LPT3205" failures="0" tests="1" name="nhs.eddi.apitests.testfiles.CountrySearchTests" time="1.892" errors="0" timestamp="2020-08-19T09:40:11 BST" skipped="0">
  <testcase classname="nhs.eddi.apitests.testfiles.CountrySearchTests" name="verifyThatWeCanFindUnitedStatesOfAmericaUsingTheCodeUS" time="1.892"/>
  <system-out/>
</testsuite> <!-- nhs.eddi.apitests.testfiles.CountrySearchTests -->
